<?xml version="1.0" encoding="UTF-8"?>
<!-- Generated by org.testng.reporters.JUnitReportReporter -->
<testsuite skipped="0" hostname="sachins-MacBook-Air.local" name="TestingPurpose.MavenJava.DesktopAppTest" tests="1" failures="0" timestamp="2019-09-12T23:22:07 IST" time="0.009" errors="0">
  <testcase name="getDesktopAppData" time="0.009" classname="TestingPurpose.MavenJava.DesktopAppTest"/>
</testsuite> <!-- TestingPurpose.MavenJava.DesktopAppTest -->
